# JRE version: OpenJDK Runtime Environment (11.0.15) (build 11.0.15+0-b2043.56-9505619)
# Java VM: OpenJDK 64-Bit Server VM (11.0.15+0-b2043.56-9505619, mixed mode, tiered, compressed oops, g1 gc, windows-amd64)
Heap:
 garbage-first heap   total 286720K, used 229144K [0x0000000080000000, 0x0000000100000000)
  region size 1024K, 91 young (93184K), 2 survivors (2048K)
 Metaspace       used 122849K, capacity 126826K, committed 127024K, reserved 1159168K
  class space    used 15495K, capacity 17016K, committed 17024K, reserved 1048576K
GC Heap History (20 events):
Event: 169.299 GC heap before
{Heap before GC invocations=108 (full 0):
 garbage-first heap   total 188416K, used 161666K [0x0000000080000000, 0x0000000100000000)
  region size 1024K, 47 young (48128K), 4 survivors (4096K)
 Metaspace       used 121887K, capacity 125726K, committed 126000K, reserved 1159168K
  class space    used 15413K, capacity 16932K, committed 17024K, reserved 1048576K
}
Event: 169.314 GC heap after
{Heap after GC invocations=109 (full 0):
 garbage-first heap   total 188416K, used 118439K [0x0000000080000000, 0x0000000100000000)
  region size 1024K, 3 young (3072K), 3 survivors (3072K)
 Metaspace       used 121887K, capacity 125726K, committed 126000K, reserved 1159168K
  class space    used 15413K, capacity 16932K, committed 17024K, reserved 1048576K
}
Event: 169.951 GC heap before
{Heap before GC invocations=109 (full 0):
 garbage-first heap   total 188416K, used 161447K [0x0000000080000000, 0x0000000100000000)
  region size 1024K, 46 young (47104K), 3 survivors (3072K)
 Metaspace       used 121982K, capacity 125836K, committed 126000K, reserved 1159168K
  class space    used 15418K, capacity 16941K, committed 17024K, reserved 1048576K
}
Event: 169.967 GC heap after
{Heap after GC invocations=110 (full 0):
 garbage-first heap   total 188416K, used 119481K [0x0000000080000000, 0x0000000100000000)
  region size 1024K, 4 young (4096K), 4 survivors (4096K)
 Metaspace       used 121982K, capacity 125836K, committed 126000K, reserved 1159168K
  class space    used 15418K, capacity 16941K, committed 17024K, reserved 1048576K
}
Event: 170.522 GC heap before
{Heap before GC invocations=110 (full 0):
 garbage-first heap   total 188416K, used 161465K [0x0000000080000000, 0x0000000100000000)
  region size 1024K, 46 young (47104K), 4 survivors (4096K)
 Metaspace       used 122060K, capacity 125913K, committed 126000K, reserved 1159168K
  class space    used 15418K, capacity 16941K, committed 17024K, reserved 1048576K
}
Event: 170.546 GC heap after
{Heap after GC invocations=111 (full 0):
 garbage-first heap   total 226304K, used 122888K [0x0000000080000000, 0x0000000100000000)
  region size 1024K, 6 young (6144K), 6 survivors (6144K)
 Metaspace       used 122060K, capacity 125913K, committed 126000K, reserved 1159168K
  class space    used 15418K, capacity 16941K, committed 17024K, reserved 1048576K
}
Event: 171.243 GC heap before
{Heap before GC invocations=111 (full 0):
 garbage-first heap   total 226304K, used 181256K [0x0000000080000000, 0x0000000100000000)
  region size 1024K, 63 young (64512K), 6 survivors (6144K)
 Metaspace       used 122087K, capacity 125984K, committed 126256K, reserved 1159168K
  class space    used 15418K, capacity 16942K, committed 17024K, reserved 1048576K
}
Event: 171.277 GC heap after
{Heap after GC invocations=112 (full 0):
 garbage-first heap   total 226304K, used 126700K [0x0000000080000000, 0x0000000100000000)
  region size 1024K, 5 young (5120K), 5 survivors (5120K)
 Metaspace       used 122087K, capacity 125984K, committed 126256K, reserved 1159168K
  class space    used 15418K, capacity 16942K, committed 17024K, reserved 1048576K
}
Event: 172.005 GC heap before
{Heap before GC invocations=112 (full 0):
 garbage-first heap   total 226304K, used 184044K [0x0000000080000000, 0x0000000100000000)
  region size 1024K, 61 young (62464K), 5 survivors (5120K)
 Metaspace       used 122117K, capacity 126005K, committed 126256K, reserved 1159168K
  class space    used 15422K, capacity 16949K, committed 17024K, reserved 1048576K
}
Event: 172.031 GC heap after
{Heap after GC invocations=113 (full 0):
 garbage-first heap   total 226304K, used 127450K [0x0000000080000000, 0x0000000100000000)
  region size 1024K, 2 young (2048K), 2 survivors (2048K)
 Metaspace       used 122117K, capacity 126005K, committed 126256K, reserved 1159168K
  class space    used 15422K, capacity 16949K, committed 17024K, reserved 1048576K
}
Event: 172.852 GC heap before
{Heap before GC invocations=113 (full 0):
 garbage-first heap   total 226304K, used 185818K [0x0000000080000000, 0x0000000100000000)
  region size 1024K, 59 young (60416K), 2 survivors (2048K)
 Metaspace       used 122131K, capacity 126009K, committed 126256K, reserved 1159168K
  class space    used 15422K, capacity 16949K, committed 17024K, reserved 1048576K
}
Event: 172.863 GC heap after
{Heap after GC invocations=114 (full 0):
 garbage-first heap   total 226304K, used 127408K [0x0000000080000000, 0x0000000100000000)
  region size 1024K, 2 young (2048K), 2 survivors (2048K)
 Metaspace       used 122131K, capacity 126009K, committed 126256K, reserved 1159168K
  class space    used 15422K, capacity 16949K, committed 17024K, reserved 1048576K
}
Event: 173.616 GC heap before
{Heap before GC invocations=114 (full 0):
 garbage-first heap   total 226304K, used 186800K [0x0000000080000000, 0x0000000100000000)
  region size 1024K, 61 young (62464K), 2 survivors (2048K)
 Metaspace       used 122185K, capacity 126076K, committed 126256K, reserved 1159168K
  class space    used 15430K, capacity 16950K, committed 17024K, reserved 1048576K
}
Event: 173.626 GC heap after
{Heap after GC invocations=115 (full 0):
 garbage-first heap   total 226304K, used 127771K [0x0000000080000000, 0x0000000100000000)
  region size 1024K, 2 young (2048K), 2 survivors (2048K)
 Metaspace       used 122185K, capacity 126076K, committed 126256K, reserved 1159168K
  class space    used 15430K, capacity 16950K, committed 17024K, reserved 1048576K
}
Event: 174.265 GC heap before
{Heap before GC invocations=115 (full 0):
 garbage-first heap   total 226304K, used 189211K [0x0000000080000000, 0x0000000100000000)
  region size 1024K, 62 young (63488K), 2 survivors (2048K)
 Metaspace       used 122221K, capacity 126082K, committed 126256K, reserved 1159168K
  class space    used 15430K, capacity 16950K, committed 17024K, reserved 1048576K
}
Event: 174.279 GC heap after
{Heap after GC invocations=116 (full 0):
 garbage-first heap   total 226304K, used 127373K [0x0000000080000000, 0x0000000100000000)
  region size 1024K, 2 young (2048K), 2 survivors (2048K)
 Metaspace       used 122221K, capacity 126082K, committed 126256K, reserved 1159168K
  class space    used 15430K, capacity 16950K, committed 17024K, reserved 1048576K
}
Event: 175.357 GC heap before
{Heap before GC invocations=116 (full 0):
 garbage-first heap   total 226304K, used 189837K [0x0000000080000000, 0x0000000100000000)
  region size 1024K, 64 young (65536K), 2 survivors (2048K)
 Metaspace       used 122232K, capacity 126083K, committed 126256K, reserved 1159168K
  class space    used 15430K, capacity 16950K, committed 17024K, reserved 1048576K
}
Event: 175.373 GC heap after
{Heap after GC invocations=117 (full 0):
 garbage-first heap   total 286720K, used 127336K [0x0000000080000000, 0x0000000100000000)
  region size 1024K, 2 young (2048K), 2 survivors (2048K)
 Metaspace       used 122232K, capacity 126083K, committed 126256K, reserved 1159168K
  class space    used 15430K, capacity 16950K, committed 17024K, reserved 1048576K
}
Event: 176.919 GC heap before
{Heap before GC invocations=117 (full 0):
 garbage-first heap   total 286720K, used 217448K [0x0000000080000000, 0x0000000100000000)
  region size 1024K, 90 young (92160K), 2 survivors (2048K)
 Metaspace       used 122252K, capacity 126086K, committed 126256K, reserved 1159168K
  class space    used 15431K, capacity 16951K, committed 17024K, reserved 1048576K
}
Event: 176.937 GC heap after
{Heap after GC invocations=118 (full 0):
 garbage-first heap   total 286720K, used 127768K [0x0000000080000000, 0x0000000100000000)
  region size 1024K, 2 young (2048K), 2 survivors (2048K)
 Metaspace       used 122252K, capacity 126086K, committed 126256K, reserved 1159168K
  class space    used 15431K, capacity 16951K, committed 17024K, reserved 1048576K
}

